0 info it worked if it ends with ok
1 verbose cli [ '/usr/local/bin/node', '/usr/local/bin/npm', 'run', 'serve' ]
2 info using npm@6.9.0
3 info using node@v12.2.0
4 verbose run-script [ 'preserve', 'serve', 'postserve' ]
5 info lifecycle @google/model-viewer@0.3.1~preserve: @google/model-viewer@0.3.1
6 info lifecycle @google/model-viewer@0.3.1~serve: @google/model-viewer@0.3.1
7 verbose lifecycle @google/model-viewer@0.3.1~serve: unsafe-perm in lifecycle true
8 verbose lifecycle @google/model-viewer@0.3.1~serve: PATH: /usr/local/lib/node_modules/npm/node_modules/npm-lifecycle/node-gyp-bin:/Users/kiracorbett/Documents/GitHub/3d-model-viewer/node_modules/.bin:/usr/bin:/bin:/usr/sbin:/sbin:/usr/local/bin:/usr/X11/b‌​in:/kiracorbett/Documents/Development/flutter/bin:/home/kiracorbett/Documents/Development/flutter/bin
9 verbose lifecycle @google/model-viewer@0.3.1~serve: CWD: /Users/kiracorbett/Documents/GitHub/3d-model-viewer
10 silly lifecycle @google/model-viewer@0.3.1~serve: Args: [ '-c', 'ws' ]
11 info lifecycle @google/model-viewer@0.3.1~serve: Failed to exec serve script
12 verbose stack Error: @google/model-viewer@0.3.1 serve: `ws`
12 verbose stack spawn ENOENT
12 verbose stack     at ChildProcess.<anonymous> (/usr/local/lib/node_modules/npm/node_modules/npm-lifecycle/lib/spawn.js:48:18)
12 verbose stack     at ChildProcess.emit (events.js:196:13)
12 verbose stack     at maybeClose (internal/child_process.js:1011:16)
12 verbose stack     at Process.ChildProcess._handle.onexit (internal/child_process.js:268:5)
13 verbose pkgid @google/model-viewer@0.3.1
14 verbose cwd /Users/kiracorbett/Documents/GitHub/3d-model-viewer
15 verbose Darwin 18.5.0
16 verbose argv "/usr/local/bin/node" "/usr/local/bin/npm" "run" "serve"
17 verbose node v12.2.0
18 verbose npm  v6.9.0
19 error file sh
20 error code ELIFECYCLE
21 error errno ENOENT
22 error syscall spawn
23 error @google/model-viewer@0.3.1 serve: `ws`
23 error spawn ENOENT
24 error Failed at the @google/model-viewer@0.3.1 serve script.
24 error This is probably not a problem with npm. There is likely additional logging output above.
25 verbose exit [ 1, true ]
